{"/Users/spatnaik/projects/aws/ProjectMongoCloud/Frontend/spec/sessionSpec.js":{"path":"/Users/spatnaik/projects/aws/ProjectMongoCloud/Frontend/spec/sessionSpec.js","s":{"1":1,"2":1,"3":1,"4":3,"5":1,"6":2,"7":1,"8":1,"9":1,"10":1,"11":1,"12":1,"13":1,"14":1,"15":1,"16":1,"17":1,"18":1,"19":1,"20":1,"21":1,"22":1},"b":{"1":[1,2],"2":[1,1]},"f":{},"fnMap":{},"statementMap":{"1":{"start":{"line":1,"column":0},"end":{"line":1,"column":36}},"2":{"start":{"line":3,"column":0},"end":{"line":51,"column":2}},"3":{"start":{"line":5,"column":2},"end":{"line":23,"column":4}},"4":{"start":{"line":7,"column":6},"end":{"line":21,"column":7}},"5":{"start":{"line":8,"column":8},"end":{"line":12,"column":10}},"6":{"start":{"line":13,"column":13},"end":{"line":21,"column":7}},"7":{"start":{"line":14,"column":8},"end":{"line":18,"column":10}},"8":{"start":{"line":20,"column":8},"end":{"line":20,"column":22}},"9":{"start":{"line":25,"column":2},"end":{"line":25,"column":34}},"10":{"start":{"line":27,"column":2},"end":{"line":50,"column":4}},"11":{"start":{"line":29,"column":4},"end":{"line":35,"column":6}},"12":{"start":{"line":31,"column":6},"end":{"line":34,"column":8}},"13":{"start":{"line":32,"column":8},"end":{"line":32,"column":33}},"14":{"start":{"line":33,"column":8},"end":{"line":33,"column":14}},"15":{"start":{"line":37,"column":4},"end":{"line":42,"column":6}},"16":{"start":{"line":38,"column":6},"end":{"line":41,"column":8}},"17":{"start":{"line":39,"column":8},"end":{"line":39,"column":32}},"18":{"start":{"line":40,"column":8},"end":{"line":40,"column":14}},"19":{"start":{"line":44,"column":4},"end":{"line":49,"column":6}},"20":{"start":{"line":45,"column":6},"end":{"line":48,"column":8}},"21":{"start":{"line":46,"column":8},"end":{"line":46,"column":33}},"22":{"start":{"line":47,"column":8},"end":{"line":47,"column":14}}},"branchMap":{"1":{"line":7,"type":"if","locations":[{"start":{"line":7,"column":6},"end":{"line":7,"column":6}},{"start":{"line":7,"column":6},"end":{"line":7,"column":6}}]},"2":{"line":13,"type":"if","locations":[{"start":{"line":13,"column":13},"end":{"line":13,"column":13}},{"start":{"line":13,"column":13},"end":{"line":13,"column":13}}]}}},"/Users/spatnaik/projects/aws/ProjectMongoCloud/Frontend/session.js":{"path":"/Users/spatnaik/projects/aws/ProjectMongoCloud/Frontend/session.js","s":{"1":1,"2":1,"3":1,"4":1,"5":0,"6":0,"7":0,"8":1,"9":3,"10":3,"11":2,"12":2,"13":2,"14":1,"15":1,"16":0,"17":1,"18":1},"b":{"1":[0,0],"2":[2,1],"3":[2,0],"4":[1,1]},"f":{},"fnMap":{},"statementMap":{"1":{"start":{"line":1,"column":0},"end":{"line":1,"column":26}},"2":{"start":{"line":2,"column":0},"end":{"line":2,"column":39}},"3":{"start":{"line":3,"column":0},"end":{"line":3,"column":40}},"4":{"start":{"line":9,"column":0},"end":{"line":16,"column":1}},"5":{"start":{"line":11,"column":2},"end":{"line":15,"column":3}},"6":{"start":{"line":13,"column":4},"end":{"line":13,"column":46}},"7":{"start":{"line":14,"column":4},"end":{"line":14,"column":23}},"8":{"start":{"line":21,"column":0},"end":{"line":38,"column":1}},"9":{"start":{"line":22,"column":2},"end":{"line":37,"column":4}},"10":{"start":{"line":23,"column":4},"end":{"line":36,"column":5}},"11":{"start":{"line":24,"column":6},"end":{"line":33,"column":7}},"12":{"start":{"line":25,"column":8},"end":{"line":25,"column":48}},"13":{"start":{"line":26,"column":8},"end":{"line":30,"column":9}},"14":{"start":{"line":27,"column":10},"end":{"line":27,"column":24}},"15":{"start":{"line":29,"column":10},"end":{"line":29,"column":25}},"16":{"start":{"line":32,"column":8},"end":{"line":32,"column":23}},"17":{"start":{"line":35,"column":6},"end":{"line":35,"column":21}},"18":{"start":{"line":40,"column":0},"end":{"line":43,"column":1}}},"branchMap":{"1":{"line":11,"type":"if","locations":[{"start":{"line":11,"column":2},"end":{"line":11,"column":2}},{"start":{"line":11,"column":2},"end":{"line":11,"column":2}}]},"2":{"line":23,"type":"if","locations":[{"start":{"line":23,"column":4},"end":{"line":23,"column":4}},{"start":{"line":23,"column":4},"end":{"line":23,"column":4}}]},"3":{"line":24,"type":"if","locations":[{"start":{"line":24,"column":6},"end":{"line":24,"column":6}},{"start":{"line":24,"column":6},"end":{"line":24,"column":6}}]},"4":{"line":26,"type":"if","locations":[{"start":{"line":26,"column":8},"end":{"line":26,"column":8}},{"start":{"line":26,"column":8},"end":{"line":26,"column":8}}]}}},"/Users/spatnaik/projects/aws/ProjectMongoCloud/Frontend/db.js":{"path":"/Users/spatnaik/projects/aws/ProjectMongoCloud/Frontend/db.js","s":{},"b":{},"f":{},"fnMap":{},"statementMap":{},"branchMap":{}},"/Users/spatnaik/projects/aws/ProjectMongoCloud/Frontend/index.js":{"path":"/Users/spatnaik/projects/aws/ProjectMongoCloud/Frontend/index.js","s":{"1":0,"2":0,"3":0,"4":0,"5":0,"6":0,"7":0,"8":0,"9":0,"10":0,"11":0},"b":{"1":[0,0]},"f":{},"fnMap":{},"statementMap":{"1":{"start":{"line":1,"column":0},"end":{"line":1,"column":34}},"2":{"start":{"line":2,"column":0},"end":{"line":2,"column":41}},"3":{"start":{"line":3,"column":0},"end":{"line":3,"column":45}},"4":{"start":{"line":5,"column":0},"end":{"line":5,"column":34}},"5":{"start":{"line":6,"column":0},"end":{"line":6,"column":43}},"6":{"start":{"line":8,"column":0},"end":{"line":8,"column":21}},"7":{"start":{"line":9,"column":0},"end":{"line":9,"column":26}},"8":{"start":{"line":10,"column":0},"end":{"line":10,"column":23}},"9":{"start":{"line":12,"column":0},"end":{"line":14,"column":2}},"10":{"start":{"line":13,"column":2},"end":{"line":13,"column":33}},"11":{"start":{"line":16,"column":0},"end":{"line":16,"column":59}}},"branchMap":{"1":{"line":12,"type":"binary-expr","locations":[{"start":{"line":12,"column":11},"end":{"line":12,"column":27}},{"start":{"line":12,"column":31},"end":{"line":12,"column":35}}]}}},"/Users/spatnaik/projects/aws/ProjectMongoCloud/Frontend/routes.js":{"path":"/Users/spatnaik/projects/aws/ProjectMongoCloud/Frontend/routes.js","s":{"1":0,"2":0,"3":0},"b":{},"f":{},"fnMap":{},"statementMap":{"1":{"start":{"line":1,"column":0},"end":{"line":3,"column":1}},"2":{"start":{"line":2,"column":2},"end":{"line":2,"column":22}},"3":{"start":{"line":5,"column":0},"end":{"line":7,"column":1}}},"branchMap":{}}}