TN:
SF:/Users/spatnaik/projects/aws/ProjectMongoCloud/Frontend/spec/sessionSpec.js
FNF:0
FNH:0
DA:1,1
DA:3,1
DA:5,1
DA:7,3
DA:8,1
DA:13,2
DA:14,1
DA:20,1
DA:25,1
DA:27,1
DA:29,1
DA:31,1
DA:32,1
DA:33,1
DA:37,1
DA:38,1
DA:39,1
DA:40,1
DA:44,1
DA:45,1
DA:46,1
DA:47,1
LF:22
LH:22
BRDA:7,1,0,1
BRDA:7,1,1,2
BRDA:13,2,0,1
BRDA:13,2,1,1
BRF:4
BRH:4
end_of_record
TN:
SF:/Users/spatnaik/projects/aws/ProjectMongoCloud/Frontend/session.js
FNF:0
FNH:0
DA:1,1
DA:2,1
DA:3,1
DA:9,1
DA:11,0
DA:13,0
DA:14,0
DA:21,1
DA:22,3
DA:23,3
DA:24,2
DA:25,2
DA:26,2
DA:27,1
DA:29,1
DA:32,0
DA:35,1
DA:40,1
LF:18
LH:14
BRDA:11,1,0,0
BRDA:11,1,1,0
BRDA:23,2,0,2
BRDA:23,2,1,1
BRDA:24,3,0,2
BRDA:24,3,1,0
BRDA:26,4,0,1
BRDA:26,4,1,1
BRF:8
BRH:5
end_of_record
TN:
SF:/Users/spatnaik/projects/aws/ProjectMongoCloud/Frontend/db.js
FNF:0
FNH:0
LF:0
LH:0
BRF:0
BRH:0
end_of_record
TN:
SF:/Users/spatnaik/projects/aws/ProjectMongoCloud/Frontend/index.js
FNF:0
FNH:0
DA:1,0
DA:2,0
DA:3,0
DA:5,0
DA:6,0
DA:8,0
DA:9,0
DA:10,0
DA:12,0
DA:13,0
DA:16,0
LF:11
LH:0
BRDA:12,1,0,0
BRDA:12,1,1,0
BRF:2
BRH:0
end_of_record
TN:
SF:/Users/spatnaik/projects/aws/ProjectMongoCloud/Frontend/routes.js
FNF:0
FNH:0
DA:1,0
DA:2,0
DA:5,0
LF:3
LH:0
BRF:0
BRH:0
end_of_record
